{"name": "test_failure", "status": "failed", "statusDetails": {"message": "AssertionError: assert False", "trace": "def test_failure():\n>       assert False\nE       assert False\n\nUsers/tf/Desktop/PycharmProject/Pytest/Demo/TestCase/test_report.py:8: AssertionError"}, "start": 1583221463401, "stop": 1583221463402, "uuid": "60bb7f7d-4090-4a7d-a440-45e279ef0048", "historyId": "c4b5799a9f189b44ea58704af8ba9a27", "testCaseId": "9ba1b769e867290150cfb6d4fd16648c", "fullName": "TestCase.test_report#test_failure", "labels": [{"name": "parentSuite", "value": "TestCase"}, {"name": "suite", "value": "test_report"}, {"name": "host", "value": "TwistFatedeMac-mini.local"}, {"name": "thread", "value": "1286-MainThread"}, {"name": "framework", "value": "pytest"}, {"name": "language", "value": "cpython3"}, {"name": "package", "value": "TestCase.test_report"}]}